iter = 1  integ = 1.291295e+13   std = 4.201282e+11
iter = 2  integ = 1.288194e+13   std = 1.735295e+10
iter = 3  integ = 1.286904e+13   std = 2.122230e+09
iter = 4  integ = 1.286811e+13   std = 6.344282e+08
iter = 5  integ = 1.286935e+13   std = 3.090910e+08
iter = 6  integ = 1.286886e+13   std = 1.991713e+08
    6,     1.286886e+13, -    2e+08,          0
iter = 7  integ = 1.286885e+13   std = 1.563389e+08
    7,     1.286886e+13, -  1.2e+08,    0.00016
iter = 8  integ = 1.286892e+13   std = 1.289092e+08
    8,     1.286889e+13, -  8.9e+07,      0.016
iter = 9  integ = 1.286897e+13   std = 1.098750e+08
    9,     1.286892e+13, -  6.9e+07,       0.06
iter = 10  integ = 1.286896e+13   std = 9.523091e+07
   10,     1.286893e+13, -  5.6e+07,      0.063
iter = 11  integ = 1.286884e+13   std = 8.262716e+07
   11,      1.28689e+13, -  4.6e+07,       0.13
iter = 12  integ = 1.286884e+13   std = 7.120717e+07
   12,     1.286889e+13, -  3.9e+07,       0.17
iter = 13  integ = 1.286880e+13   std = 6.243684e+07
   13,     1.286886e+13, -  3.3e+07,       0.28
iter = 14  integ = 1.286878e+13   std = 5.614681e+07
   14,     1.286884e+13, -  2.8e+07,       0.39
iter = 15  integ = 1.286888e+13   std = 5.173318e+07
   15,     1.286885e+13, -  2.5e+07,       0.39
iter = 16  integ = 1.286881e+13   std = 4.880484e+07
   16,     1.286884e+13, -  2.2e+07,       0.39
iter = 17  integ = 1.286881e+13   std = 4.693358e+07
   17,     1.286883e+13, -    2e+07,        0.4
iter = 18  integ = 1.286882e+13   std = 4.581037e+07
   18,     1.286883e+13, -  1.8e+07,       0.38
iter = 19  integ = 1.286887e+13   std = 4.520930e+07
   19,     1.286884e+13, -  1.7e+07,       0.38
iter = 20  integ = 1.286884e+13   std = 4.491504e+07
   20,     1.286884e+13, -  1.6e+07,       0.36
iter 21  integ = 1.286875380488754e+13   std = 4.479812760535604e+07
   21     1.286883e+13+/-  1.5e+07        0.5
iter 22  integ = 1.286892734403669e+13   std = 4.479897169337838e+07
   22     1.286884e+13+/-1.422e+07       0.69
iter 23  integ = 1.286888001333179e+13   std = 4.480832904264899e+07
   23     1.286884e+13+/-1.356e+07       0.69
iter 24  integ = 1.286895314791601e+13   std = 4.479690937659150e+07
   24     1.286885e+13+/-1.298e+07       0.91
iter 25  integ = 1.286894790822227e+13   std = 4.479339488342793e+07
   25     1.286886e+13+/-1.246e+07        1.1
iter 26  integ = 1.286887192757598e+13   std = 4.480690265992121e+07
   26     1.286886e+13+/-1.201e+07          1
iter 27  integ = 1.286886168466860e+13   std = 4.481054365155146e+07
   27     1.286886e+13+/- 1.16e+07       0.97
iter 28  integ = 1.286887787522955e+13   std = 4.479138348947168e+07
   28     1.286886e+13+/-1.123e+07       0.94
iter 29  integ = 1.286893324203777e+13   std = 4.480782470103238e+07
   29     1.286886e+13+/-1.089e+07          1
iter 30  integ = 1.286875670930474e+13   std = 4.480112814094152e+07
   30     1.286886e+13+/-1.058e+07        1.2
iter 31  integ = 1.286887906165119e+13   std = 4.480169718259469e+07
   31     1.286886e+13+/- 1.03e+07        1.1
iter 32  integ = 1.286878467459685e+13   std = 4.479281015313514e+07
   32     1.286886e+13+/-1.004e+07        1.2
iter 33  integ = 1.286877873568154e+13   std = 4.480213240887016e+07
   33     1.286885e+13+/-9.795e+06        1.2
iter 34  integ = 1.286883324171355e+13   std = 4.479673799480828e+07
   34     1.286885e+13+/-9.569e+06        1.2
iter 35  integ = 1.286887773580304e+13   std = 4.480257804810362e+07
   35     1.286885e+13+/-9.358e+06        1.2
iter 36  integ = 1.286879935097730e+13   std = 4.480104107529540e+07
   36     1.286885e+13+/- 9.16e+06        1.2
iter 37  integ = 1.286892710520432e+13   std = 4.479282683819831e+07
   37     1.286885e+13+/-8.975e+06        1.2
iter 38  integ = 1.286892199993072e+13   std = 4.479823432373577e+07
   38     1.286886e+13+/-  8.8e+06        1.2
iter 39  integ = 1.286887373342214e+13   std = 4.478621148054876e+07
   39     1.286886e+13+/-8.635e+06        1.2
iter 40  integ = 1.286880992567026e+13   std = 4.480463252504966e+07
   40     1.286886e+13+/-8.479e+06        1.2
iter 41  integ = 1.286886236863643e+13   std = 4.480389547943597e+07
   41     1.286886e+13+/-8.331e+06        1.2
iter 42  integ = 1.286884081364846e+13   std = 4.480022717215723e+07
   42     1.286885e+13+/- 8.19e+06        1.2
iter 43  integ = 1.286879247647855e+13   std = 4.478852186861287e+07
   43     1.286885e+13+/-8.057e+06        1.2
iter 44  integ = 1.286888145172097e+13   std = 4.479950658093189e+07
   44     1.286885e+13+/- 7.93e+06        1.2
iter 45  integ = 1.286886864792589e+13   std = 4.480054539509392e+07
   45     1.286885e+13+/-7.808e+06        1.1
iter 46  integ = 1.286887739239082e+13   std = 4.480544392696967e+07
   46     1.286885e+13+/-7.692e+06        1.1
iter 47  integ = 1.286882781867490e+13   std = 4.480725150501427e+07
   47     1.286885e+13+/-7.581e+06        1.1
iter 48  integ = 1.286879441089838e+13   std = 4.480570165648559e+07
   48     1.286885e+13+/-7.475e+06        1.1
iter 49  integ = 1.286885030268627e+13   std = 4.480795792705762e+07
   49     1.286885e+13+/-7.373e+06        1.1
iter 50  integ = 1.286882494419830e+13   std = 4.481150794747524e+07
   50     1.286885e+13+/-7.275e+06        1.1
iter 51  integ = 1.286885473394289e+13   std = 4.479206174947809e+07
   51     1.286885e+13+/-7.181e+06        1.1
iter 52  integ = 1.286885997392635e+13   std = 4.479525473038898e+07
   52     1.286885e+13+/-7.091e+06          1
iter 53  integ = 1.286887336286205e+13   std = 4.480409347282270e+07
   53     1.286885e+13+/-7.004e+06          1
iter 54  integ = 1.286888974951845e+13   std = 4.481267287901759e+07
   54     1.286885e+13+/- 6.92e+06          1
iter 55  integ = 1.286885456799324e+13   std = 4.480921801786344e+07
   55     1.286885e+13+/-6.838e+06       0.99
iter 56  integ = 1.286886006224111e+13   std = 4.480891885594268e+07
   56     1.286885e+13+/- 6.76e+06       0.97
iter 57  integ = 1.286883439561475e+13   std = 4.480720957019057e+07
   57     1.286885e+13+/-6.685e+06       0.96
iter 58  integ = 1.286884858544810e+13   std = 4.480406338258766e+07
   58     1.286885e+13+/-6.611e+06       0.94
iter 59  integ = 1.286883354098339e+13   std = 4.479951377852385e+07
   59     1.286885e+13+/-6.541e+06       0.93
iter 60  integ = 1.286883820125153e+13   std = 4.479581328772722e+07
   60     1.286885e+13+/-6.472e+06       0.91
iter 61  integ = 1.286883028740509e+13   std = 4.480800299440872e+07
   61     1.286885e+13+/-6.405e+06        0.9
iter 62  integ = 1.286881752423377e+13   std = 4.479509858290522e+07
   62     1.286885e+13+/-6.341e+06        0.9
iter 63  integ = 1.286891391422921e+13   std = 4.479920571028840e+07
   63     1.286885e+13+/-6.278e+06       0.91
iter 64  integ = 1.286894485471452e+13   std = 4.479391764003836e+07
   64     1.286885e+13+/-6.218e+06       0.97
iter 65  integ = 1.286884585396887e+13   std = 4.479438963864513e+07
   65     1.286885e+13+/-6.159e+06       0.95
iter 66  integ = 1.286876317744369e+13   std = 4.480689950259527e+07
   66     1.286885e+13+/-6.101e+06          1
iter 67  integ = 1.286879499213510e+13   std = 4.479275358638900e+07
   67     1.286885e+13+/-6.045e+06          1
iter 68  integ = 1.286876231380116e+13   std = 4.480759827831580e+07
   68     1.286885e+13+/-5.991e+06        1.1
iter 69  integ = 1.286887165062097e+13   std = 4.480941274848030e+07
   69     1.286885e+13+/-5.938e+06          1
iter 70  integ = 1.286886683664501e+13   std = 4.480636736357387e+07
   70     1.286885e+13+/-5.887e+06          1
iter 71  integ = 1.286886221308750e+13   std = 4.480018730389199e+07
   71     1.286885e+13+/-5.837e+06          1
iter 72  integ = 1.286883009942447e+13   std = 4.480863219969449e+07
   72     1.286885e+13+/-5.788e+06          1
iter 73  integ = 1.286891336693590e+13   std = 4.479483425946878e+07
   73     1.286885e+13+/- 5.74e+06          1
iter 74  integ = 1.286889255604851e+13   std = 4.480523965825918e+07
   74     1.286885e+13+/-5.693e+06          1
iter 75  integ = 1.286891506825540e+13   std = 4.480390681262443e+07
   75     1.286885e+13+/-5.648e+06          1
iter 76  integ = 1.286894891484240e+13   std = 4.479913810721747e+07
   76     1.286885e+13+/-5.604e+06        1.1
iter 77  integ = 1.286883687787056e+13   std = 4.479756194192846e+07
   77     1.286885e+13+/- 5.56e+06        1.1
iter 78  integ = 1.286881626229325e+13   std = 4.480388820142554e+07
   78     1.286885e+13+/-5.518e+06        1.1
iter 79  integ = 1.286886052461278e+13   std = 4.480092171757314e+07
   79     1.286885e+13+/-5.477e+06          1
iter 80  integ = 1.286887523150085e+13   std = 4.479186657435676e+07
   80     1.286885e+13+/-5.436e+06          1
iter 81  integ = 1.286884406456961e+13   std = 4.480580320197470e+07
   81     1.286885e+13+/-5.397e+06          1
iter 82  integ = 1.286886166393330e+13   std = 4.479669017465322e+07
   82     1.286885e+13+/-5.358e+06          1
iter 83  integ = 1.286884573652977e+13   std = 4.481658738747999e+07
   83     1.286885e+13+/- 5.32e+06       0.99
iter 84  integ = 1.286885846539767e+13   std = 4.481122189298261e+07
   84     1.286885e+13+/-5.283e+06       0.98
iter 85  integ = 1.286890788248780e+13   std = 4.479794824579129e+07
   85     1.286885e+13+/-5.247e+06       0.99
iter 86  integ = 1.286886295523746e+13   std = 4.479000965340630e+07
   86     1.286885e+13+/-5.211e+06       0.98
iter 87  integ = 1.286896409170001e+13   std = 4.480386153494925e+07
   87     1.286886e+13+/-5.176e+06          1
iter 88  integ = 1.286883865119896e+13   std = 4.480282848782948e+07
   88     1.286886e+13+/-5.142e+06          1
iter 89  integ = 1.286886227456578e+13   std = 4.480438008822233e+07
   89     1.286886e+13+/-5.108e+06          1
iter 90  integ = 1.286888209998171e+13   std = 4.480985426301283e+07
   90     1.286886e+13+/-5.075e+06          1
iter 91  integ = 1.286885774286231e+13   std = 4.480579810599919e+07
   91     1.286886e+13+/-5.043e+06       0.99
iter 92  integ = 1.286884544981818e+13   std = 4.480101224990287e+07
   92     1.286886e+13+/-5.011e+06       0.98
iter 93  integ = 1.286888276213669e+13   std = 4.480371809498136e+07
   93     1.286886e+13+/- 4.98e+06       0.98
iter 94  integ = 1.286877774356057e+13   std = 4.480303433202644e+07
   94     1.286886e+13+/- 4.95e+06          1
iter 95  integ = 1.286889904662834e+13   std = 4.479779679722560e+07
   95     1.286886e+13+/- 4.92e+06          1
iter 96  integ = 1.286880355556877e+13   std = 4.480128000086778e+07
   96     1.286886e+13+/-4.891e+06          1
iter 97  integ = 1.286883628311827e+13   std = 4.481555344154055e+07
   97     1.286886e+13+/-4.862e+06       0.99
iter 98  integ = 1.286883935622133e+13   std = 4.479362943868809e+07
   98     1.286886e+13+/-4.833e+06       0.98
iter 99  integ = 1.286883828557194e+13   std = 4.479719914675252e+07
   99     1.286885e+13+/-4.805e+06       0.98
iter 100  integ = 1.286888805528338e+13   std = 4.479459144552263e+07
  100     1.286886e+13+/-4.778e+06       0.97
6,1.286885536752094e+13,4.778038812086608e+06,100,20,5,1.000000000000000e+08,9.713235927286942e-01,2.820281416000000e+03
